<?xml version="1.0" encoding="UTF-8"?>
<testng-results ignored="0" total="2" passed="2" failed="0" skipped="0">
  <reporter-output>
  </reporter-output>
  <suite started-at="2024-08-07T13:15:25Z" name="Default suite" finished-at="2024-08-07T13:15:25Z" duration-ms="28">
    <groups>
    </groups>
    <test started-at="2024-08-07T13:15:25Z" name="Default test" finished-at="2024-08-07T13:15:25Z" duration-ms="28">
      <class name="com.app.TestNGDemo.Login">
        <test-method is-config="true" signature="loginApp()[pri:0, instance:com.app.TestNGDemo.Login@21ba0741]" started-at="2024-08-07T18:45:25Z" name="loginApp" finished-at="2024-08-07T18:45:25Z" duration-ms="8" status="PASS">
          <reporter-output>
          </reporter-output>
        </test-method> <!-- loginApp -->
        <test-method signature="loginTest()[pri:1, instance:com.app.TestNGDemo.Login@21ba0741]" started-at="2024-08-07T18:45:25Z" name="loginTest" description="login for test execution" finished-at="2024-08-07T18:45:25Z" duration-ms="5" status="PASS">
          <reporter-output>
          </reporter-output>
        </test-method> <!-- loginTest -->
        <test-method is-config="true" signature="beforMeth()[pri:0, instance:com.app.TestNGDemo.Login@21ba0741]" started-at="2024-08-07T18:45:25Z" name="beforMeth" finished-at="2024-08-07T18:45:25Z" duration-ms="0" status="PASS">
          <reporter-output>
          </reporter-output>
        </test-method> <!-- beforMeth -->
        <test-method is-config="true" signature="afterformeth()[pri:0, instance:com.app.TestNGDemo.Login@21ba0741]" started-at="2024-08-07T18:45:25Z" name="afterformeth" finished-at="2024-08-07T18:45:25Z" duration-ms="0" status="PASS">
          <reporter-output>
          </reporter-output>
        </test-method> <!-- afterformeth -->
        <test-method signature="logoutTest()[pri:2, instance:com.app.TestNGDemo.Login@21ba0741]" started-at="2024-08-07T18:45:25Z" name="logoutTest" description="logout for test execution" finished-at="2024-08-07T18:45:25Z" duration-ms="1" status="PASS">
          <reporter-output>
          </reporter-output>
        </test-method> <!-- logoutTest -->
        <test-method is-config="true" signature="beforMeth()[pri:0, instance:com.app.TestNGDemo.Login@21ba0741]" started-at="2024-08-07T18:45:25Z" name="beforMeth" finished-at="2024-08-07T18:45:25Z" duration-ms="0" status="PASS">
          <reporter-output>
          </reporter-output>
        </test-method> <!-- beforMeth -->
        <test-method is-config="true" signature="logoutApp()[pri:0, instance:com.app.TestNGDemo.Login@21ba0741]" started-at="2024-08-07T18:45:25Z" name="logoutApp" finished-at="2024-08-07T18:45:25Z" duration-ms="0" status="PASS">
          <reporter-output>
          </reporter-output>
        </test-method> <!-- logoutApp -->
        <test-method is-config="true" signature="afterformeth()[pri:0, instance:com.app.TestNGDemo.Login@21ba0741]" started-at="2024-08-07T18:45:25Z" name="afterformeth" finished-at="2024-08-07T18:45:25Z" duration-ms="0" status="PASS">
          <reporter-output>
          </reporter-output>
        </test-method> <!-- afterformeth -->
      </class> <!-- com.app.TestNGDemo.Login -->
    </test> <!-- Default test -->
  </suite> <!-- Default suite -->
</testng-results>
